<?xml version="1.0" encoding="UTF-8"?>
<testng-results skipped="0" failed="0" total="1" passed="1">
  <reporter-output>
  </reporter-output>
  <suite name="Default suite" duration-ms="35" started-at="2015-10-01T22:41:41Z" finished-at="2015-10-01T22:41:41Z">
    <groups>
    </groups>
    <test name="Default test" duration-ms="35" started-at="2015-10-01T22:41:41Z" finished-at="2015-10-01T22:41:41Z">
      <class name="tests.TestCases">
        <test-method status="PASS" signature="beforeMethod()[pri:0, instance:tests.TestCases@4909b8da]" name="beforeMethod" is-config="true" duration-ms="6" started-at="2015-10-02T08:41:41Z" finished-at="2015-10-02T08:41:41Z">
          <reporter-output>
          </reporter-output>
        </test-method> <!-- beforeMethod -->
        <test-method status="PASS" signature="test1()[pri:0, instance:tests.TestCases@4909b8da]" name="test1" duration-ms="16" started-at="2015-10-02T08:41:41Z" finished-at="2015-10-02T08:41:41Z">
          <reporter-output>
          </reporter-output>
        </test-method> <!-- test1 -->
        <test-method status="PASS" signature="AfterMethod()[pri:0, instance:tests.TestCases@4909b8da]" name="AfterMethod" is-config="true" duration-ms="1" started-at="2015-10-02T08:41:41Z" finished-at="2015-10-02T08:41:41Z">
          <reporter-output>
          </reporter-output>
        </test-method> <!-- AfterMethod -->
      </class> <!-- tests.TestCases -->
    </test> <!-- Default test -->
  </suite> <!-- Default suite -->
</testng-results>
