<?xml version="1.0" encoding="UTF-8"?>
<testng-results skipped="0" failed="0" total="3" passed="3">
  <reporter-output>
  </reporter-output>
  <suite name="Suite" duration-ms="92738" started-at="2015-09-26T03:37:10Z" finished-at="2015-09-26T03:38:43Z">
    <groups>
    </groups>
    <test name="ChromeTest" duration-ms="17810" started-at="2015-09-26T03:37:10Z" finished-at="2015-09-26T03:37:28Z">
      <class name="seleniumGrid.ParallelTesting">
        <test-method status="PASS" signature="launchapp(java.lang.String)[pri:0, instance:seleniumGrid.ParallelTesting@668bc3d5]" name="launchapp" is-config="true" duration-ms="11874" started-at="2015-09-26T13:37:10Z" finished-at="2015-09-26T13:37:22Z">
          <params>
            <param index="0">
              <value>
                <![CDATA[chrome]]>
              </value>
            </param>
          </params>
          <reporter-output>
          </reporter-output>
        </test-method> <!-- launchapp -->
        <test-method status="PASS" signature="calculatepercent()[pri:0, instance:seleniumGrid.ParallelTesting@668bc3d5]" name="calculatepercent" duration-ms="5929" started-at="2015-09-26T13:37:22Z" finished-at="2015-09-26T13:37:28Z">
          <reporter-output>
          </reporter-output>
        </test-method> <!-- calculatepercent -->
        <test-method status="PASS" signature="closeBrowser()[pri:0, instance:seleniumGrid.ParallelTesting@668bc3d5]" name="closeBrowser" is-config="true" duration-ms="0" started-at="2015-09-26T13:37:28Z" finished-at="2015-09-26T13:37:28Z">
          <reporter-output>
          </reporter-output>
        </test-method> <!-- closeBrowser -->
      </class> <!-- seleniumGrid.ParallelTesting -->
    </test> <!-- ChromeTest -->
    <test name="IETest" duration-ms="92738" started-at="2015-09-26T03:37:10Z" finished-at="2015-09-26T03:38:43Z">
      <class name="MyTestPac.Test1">
        <test-method status="PASS" signature="beforeMethod()[pri:0, instance:MyTestPac.Test1@35fb3008]" name="beforeMethod" is-config="true" duration-ms="57107" started-at="2015-09-26T13:37:10Z" finished-at="2015-09-26T13:38:07Z">
          <reporter-output>
          </reporter-output>
        </test-method> <!-- beforeMethod -->
        <test-method status="PASS" signature="test1()[pri:0, instance:MyTestPac.Test1@35fb3008]" name="test1" duration-ms="28646" started-at="2015-09-26T13:38:07Z" finished-at="2015-09-26T13:38:36Z">
          <reporter-output>
          </reporter-output>
        </test-method> <!-- test1 -->
        <test-method status="PASS" signature="AfterMethod()[pri:0, instance:MyTestPac.Test1@35fb3008]" name="AfterMethod" is-config="true" duration-ms="0" started-at="2015-09-26T13:38:36Z" finished-at="2015-09-26T13:38:36Z">
          <reporter-output>
          </reporter-output>
        </test-method> <!-- AfterMethod -->
        <test-method status="PASS" signature="beforeMethod()[pri:0, instance:MyTestPac.Test1@35fb3008]" name="beforeMethod" is-config="true" duration-ms="6817" started-at="2015-09-26T13:38:36Z" finished-at="2015-09-26T13:38:43Z">
          <reporter-output>
          </reporter-output>
        </test-method> <!-- beforeMethod -->
        <test-method status="PASS" signature="test2()[pri:0, instance:MyTestPac.Test1@35fb3008]" name="test2" duration-ms="144" started-at="2015-09-26T13:38:43Z" finished-at="2015-09-26T13:38:43Z">
          <reporter-output>
          </reporter-output>
        </test-method> <!-- test2 -->
        <test-method status="PASS" signature="AfterMethod()[pri:0, instance:MyTestPac.Test1@35fb3008]" name="AfterMethod" is-config="true" duration-ms="0" started-at="2015-09-26T13:38:43Z" finished-at="2015-09-26T13:38:43Z">
          <reporter-output>
          </reporter-output>
        </test-method> <!-- AfterMethod -->
      </class> <!-- MyTestPac.Test1 -->
    </test> <!-- IETest -->
  </suite> <!-- Suite -->
</testng-results>
